-------------------------------------------------------------------------------
Test set: cz.muni.fi.pa165.travelagency.persistance.dao.TripDaoImplTest
-------------------------------------------------------------------------------
Tests run: 11, Failures: 2, Errors: 3, Skipped: 0, Time elapsed: 0.222 sec <<< FAILURE! - in cz.muni.fi.pa165.travelagency.persistance.dao.TripDaoImplTest
TestFindByDate(cz.muni.fi.pa165.travelagency.persistance.dao.TripDaoImplTest)  Time elapsed: 0.059 sec  <<< ERROR!
java.lang.IllegalArgumentException: Unknown parameter name : :from
	at org.hibernate.query.internal.QueryParameterBindingsImpl.getBinding(QueryParameterBindingsImpl.java:191)
	at org.hibernate.query.internal.AbstractProducedQuery.setParameter(AbstractProducedQuery.java:480)
	at org.hibernate.query.internal.AbstractProducedQuery.setParameter(AbstractProducedQuery.java:102)
	at cz.muni.fi.pa165.travelagency.persistence.dao.TripDaoImpl.findByDate(TripDaoImpl.java:38)
	at cz.muni.fi.pa165.travelagency.persistance.dao.TripDaoImplTest.TestFindByDate(TripDaoImplTest.java:121)

TestFindByName(cz.muni.fi.pa165.travelagency.persistance.dao.TripDaoImplTest)  Time elapsed: 0.019 sec  <<< FAILURE!
java.lang.AssertionError: expected:<[Trip{id=3, name=Podzim ve Francii, dateFrom=Fri Oct 20 18:19:53 CEST 2017, dateTo=Sat Oct 28 18:19:53 CEST 2017, destination=Francie, description=null, capacity=20, price=5000, excursions=[], reservations=[]}]> but was:<Trip{id=3, name=Podzim ve Francii, dateFrom=Fri Oct 20 18:19:53 CEST 2017, dateTo=Sat Oct 28 18:19:53 CEST 2017, destination=Francie, description=null, capacity=20, price=5000, excursions=[], reservations=[]}>
	at org.junit.Assert.fail(Assert.java:88)
	at org.junit.Assert.failNotEquals(Assert.java:834)
	at org.junit.Assert.assertEquals(Assert.java:118)
	at org.junit.Assert.assertEquals(Assert.java:144)
	at cz.muni.fi.pa165.travelagency.persistance.dao.TripDaoImplTest.TestFindByName(TripDaoImplTest.java:115)

TestFindByDestination(cz.muni.fi.pa165.travelagency.persistance.dao.TripDaoImplTest)  Time elapsed: 0.021 sec  <<< ERROR!
java.lang.IllegalArgumentException: Unknown parameter name : name
	at org.hibernate.query.internal.QueryParameterBindingsImpl.getBinding(QueryParameterBindingsImpl.java:191)
	at org.hibernate.query.internal.AbstractProducedQuery.setParameter(AbstractProducedQuery.java:480)
	at org.hibernate.query.internal.AbstractProducedQuery.setParameter(AbstractProducedQuery.java:102)
	at cz.muni.fi.pa165.travelagency.persistence.dao.TripDaoImpl.findByDestination(TripDaoImpl.java:47)
	at cz.muni.fi.pa165.travelagency.persistance.dao.TripDaoImplTest.TestFindByDestination(TripDaoImplTest.java:127)

TestFindByPrice(cz.muni.fi.pa165.travelagency.persistance.dao.TripDaoImplTest)  Time elapsed: 0.015 sec  <<< ERROR!
java.lang.IllegalArgumentException: Unknown parameter name : :minPrice
	at org.hibernate.query.internal.QueryParameterBindingsImpl.getBinding(QueryParameterBindingsImpl.java:191)
	at org.hibernate.query.internal.AbstractProducedQuery.setParameter(AbstractProducedQuery.java:480)
	at org.hibernate.query.internal.AbstractProducedQuery.setParameter(AbstractProducedQuery.java:102)
	at cz.muni.fi.pa165.travelagency.persistence.dao.TripDaoImpl.findByPrice(TripDaoImpl.java:56)
	at cz.muni.fi.pa165.travelagency.persistance.dao.TripDaoImplTest.TestFindByPrice(TripDaoImplTest.java:133)

TestFindByCapacity(cz.muni.fi.pa165.travelagency.persistance.dao.TripDaoImplTest)  Time elapsed: 0.013 sec  <<< FAILURE!
java.lang.AssertionError: expected:<[Trip{id=13, name=Podzim ve Francii, dateFrom=Fri Oct 20 18:19:53 CEST 2017, dateTo=Sat Oct 28 18:19:53 CEST 2017, destination=Francie, description=null, capacity=20, price=5000, excursions=[], reservations=[]}]> but was:<Trip{id=13, name=Podzim ve Francii, dateFrom=Fri Oct 20 18:19:53 CEST 2017, dateTo=Sat Oct 28 18:19:53 CEST 2017, destination=Francie, description=null, capacity=20, price=5000, excursions=[], reservations=[]}>
	at org.junit.Assert.fail(Assert.java:88)
	at org.junit.Assert.failNotEquals(Assert.java:834)
	at org.junit.Assert.assertEquals(Assert.java:118)
	at org.junit.Assert.assertEquals(Assert.java:144)
	at cz.muni.fi.pa165.travelagency.persistance.dao.TripDaoImplTest.TestFindByCapacity(TripDaoImplTest.java:139)

