<?xml version="1.0" encoding="UTF-8"?>
<testsuite name="cz.muni.fi.pa165.travelagency.persistance.dao.TripDaoImplTest" time="0.216" tests="11" errors="3" skipped="0" failures="2">
  <properties>
[...]
</properties>
  <testcase name="TestFindByDate" classname="cz.muni.fi.pa165.travelagency.persistance.dao.TripDaoImplTest" time="0.059">
    <error message="Unknown parameter name : :from" type="java.lang.IllegalArgumentException">java.lang.IllegalArgumentException: Unknown parameter name : :from
	at org.hibernate.query.internal.QueryParameterBindingsImpl.getBinding(QueryParameterBindingsImpl.java:191)
	at org.hibernate.query.internal.AbstractProducedQuery.setParameter(AbstractProducedQuery.java:480)
	at org.hibernate.query.internal.AbstractProducedQuery.setParameter(AbstractProducedQuery.java:102)
	at cz.muni.fi.pa165.travelagency.persistence.dao.TripDaoImpl.findByDate(TripDaoImpl.java:38)
	at cz.muni.fi.pa165.travelagency.persistance.dao.TripDaoImplTest.TestFindByDate(TripDaoImplTest.java:121)
</error>
    <system-out><![CDATA[Trip{id=null, name=Podzim ve Francii, dateFrom=Fri Oct 20 18:19:53 CEST 2017, dateTo=Sat Oct 28 18:19:53 CEST 2017, destination=Francie, description=null, capacity=20, price=5000, excursions=[], reservations=[]}
Hibernate: 
    insert 
    into
        Trip
        (id, capacity, dateFrom, dateTo, description, destination, name, price) 
    values
        (null, ?, ?, ?, ?, ?, ?, ?)
]]></system-out>
    <system-err><![CDATA[3828 [main] INFO org.springframework.test.context.TestContextManager - Could not instantiate TestExecutionListener [org.springframework.test.context.web.ServletTestExecutionListener]. Specify custom listener classes or make the default listener classes (and their required dependencies) available. Offending class: [javax/servlet/ServletContext]
3863 [main] INFO org.springframework.test.context.transaction.TransactionalTestExecutionListener - Began transaction (1) for test context [DefaultTestContext@3a082ff4 testClass = TripDaoImplTest, testInstance = cz.muni.fi.pa165.travelagency.persistance.dao.TripDaoImplTest@45acdd11, testMethod = TestFindByDate@TripDaoImplTest, testException = [null], mergedContextConfiguration = [MergedContextConfiguration@3f0d6038 testClass = TripDaoImplTest, locations = '{}', classes = '{class cz.muni.fi.pa165.travelagency.persistence.config.InMemorySpring}', contextInitializerClasses = '[]', activeProfiles = '{}', contextLoader = 'org.springframework.test.context.support.DelegatingSmartContextLoader', parent = [null]]]; transaction manager [org.springframework.orm.jpa.JpaTransactionManager@25e49cb2]; rollback [true]
3909 [main] INFO org.springframework.test.context.transaction.TransactionalTestExecutionListener - Rolled back transaction after test execution for test context [DefaultTestContext@3a082ff4 testClass = TripDaoImplTest, testInstance = cz.muni.fi.pa165.travelagency.persistance.dao.TripDaoImplTest@45acdd11, testMethod = TestFindByDate@TripDaoImplTest, testException = java.lang.IllegalArgumentException: Unknown parameter name : :from, mergedContextConfiguration = [MergedContextConfiguration@3f0d6038 testClass = TripDaoImplTest, locations = '{}', classes = '{class cz.muni.fi.pa165.travelagency.persistence.config.InMemorySpring}', contextInitializerClasses = '[]', activeProfiles = '{}', contextLoader = 'org.springframework.test.context.support.DelegatingSmartContextLoader', parent = [null]]]
]]></system-err>
  </testcase>
  <testcase name="TestFindByName" classname="cz.muni.fi.pa165.travelagency.persistance.dao.TripDaoImplTest" time="0.019">
    <failure message="expected:&lt;[Trip{id=3, name=Podzim ve Francii, dateFrom=Fri Oct 20 18:19:53 CEST 2017, dateTo=Sat Oct 28 18:19:53 CEST 2017, destination=Francie, description=null, capacity=20, price=5000, excursions=[], reservations=[]}]&gt; but was:&lt;Trip{id=3, name=Podzim ve Francii, dateFrom=Fri Oct 20 18:19:53 CEST 2017, dateTo=Sat Oct 28 18:19:53 CEST 2017, destination=Francie, description=null, capacity=20, price=5000, excursions=[], reservations=[]}&gt;" type="java.lang.AssertionError"><![CDATA[java.lang.AssertionError: expected:<[Trip{id=3, name=Podzim ve Francii, dateFrom=Fri Oct 20 18:19:53 CEST 2017, dateTo=Sat Oct 28 18:19:53 CEST 2017, destination=Francie, description=null, capacity=20, price=5000, excursions=[], reservations=[]}]> but was:<Trip{id=3, name=Podzim ve Francii, dateFrom=Fri Oct 20 18:19:53 CEST 2017, dateTo=Sat Oct 28 18:19:53 CEST 2017, destination=Francie, description=null, capacity=20, price=5000, excursions=[], reservations=[]}>
	at org.junit.Assert.fail(Assert.java:88)
	at org.junit.Assert.failNotEquals(Assert.java:834)
	at org.junit.Assert.assertEquals(Assert.java:118)
	at org.junit.Assert.assertEquals(Assert.java:144)
	at cz.muni.fi.pa165.travelagency.persistance.dao.TripDaoImplTest.TestFindByName(TripDaoImplTest.java:115)
]]></failure>
    <system-out><![CDATA[Trip{id=null, name=Podzim ve Francii, dateFrom=Fri Oct 20 18:19:53 CEST 2017, dateTo=Sat Oct 28 18:19:53 CEST 2017, destination=Francie, description=null, capacity=20, price=5000, excursions=[], reservations=[]}
Hibernate: 
    insert 
    into
        Trip
        (id, capacity, dateFrom, dateTo, description, destination, name, price) 
    values
        (null, ?, ?, ?, ?, ?, ?, ?)
Hibernate: 
    select
        trip0_.id as id1_5_,
        trip0_.capacity as capacity2_5_,
        trip0_.dateFrom as dateFrom3_5_,
        trip0_.dateTo as dateTo4_5_,
        trip0_.description as descript5_5_,
        trip0_.destination as destinat6_5_,
        trip0_.name as name7_5_,
        trip0_.price as price8_5_ 
    from
        Trip trip0_ 
    where
        trip0_.name=?
]]></system-out>
    <system-err><![CDATA[3926 [main] INFO org.springframework.test.context.transaction.TransactionalTestExecutionListener - Began transaction (2) for test context [DefaultTestContext@3a082ff4 testClass = TripDaoImplTest, testInstance = cz.muni.fi.pa165.travelagency.persistance.dao.TripDaoImplTest@5a1c3cb4, testMethod = TestFindByName@TripDaoImplTest, testException = [null], mergedContextConfiguration = [MergedContextConfiguration@3f0d6038 testClass = TripDaoImplTest, locations = '{}', classes = '{class cz.muni.fi.pa165.travelagency.persistence.config.InMemorySpring}', contextInitializerClasses = '[]', activeProfiles = '{}', contextLoader = 'org.springframework.test.context.support.DelegatingSmartContextLoader', parent = [null]]]; transaction manager [org.springframework.orm.jpa.JpaTransactionManager@25e49cb2]; rollback [true]
3941 [main] INFO org.springframework.test.context.transaction.TransactionalTestExecutionListener - Rolled back transaction after test execution for test context [DefaultTestContext@3a082ff4 testClass = TripDaoImplTest, testInstance = cz.muni.fi.pa165.travelagency.persistance.dao.TripDaoImplTest@5a1c3cb4, testMethod = TestFindByName@TripDaoImplTest, testException = java.lang.AssertionError: expected:<[Trip{id=3, name=Podzim ve Francii, dateFrom=Fri Oct 20 18:19:53 CEST 2017, dateTo=Sat Oct 28 18:19:53 CEST 2017, destination=Francie, description=null, capacity=20, price=5000, excursions=[], reservations=[]}]> but was:<Trip{id=3, name=Podzim ve Francii, dateFrom=Fri Oct 20 18:19:53 CEST 2017, dateTo=Sat Oct 28 18:19:53 CEST 2017, destination=Francie, description=null, capacity=20, price=5000, excursions=[], reservations=[]}>, mergedContextConfiguration = [MergedContextConfiguration@3f0d6038 testClass = TripDaoImplTest, locations = '{}', classes = '{class cz.muni.fi.pa165.travelagency.persistence.config.InMemorySpring}', contextInitializerClasses = '[]', activeProfiles = '{}', contextLoader = 'org.springframework.test.context.support.DelegatingSmartContextLoader', parent = [null]]]
]]></system-err>
  </testcase>
  <testcase name="TestFindByDestination" classname="cz.muni.fi.pa165.travelagency.persistance.dao.TripDaoImplTest" time="0.021">
    <error message="Unknown parameter name : name" type="java.lang.IllegalArgumentException">java.lang.IllegalArgumentException: Unknown parameter name : name
	at org.hibernate.query.internal.QueryParameterBindingsImpl.getBinding(QueryParameterBindingsImpl.java:191)
	at org.hibernate.query.internal.AbstractProducedQuery.setParameter(AbstractProducedQuery.java:480)
	at org.hibernate.query.internal.AbstractProducedQuery.setParameter(AbstractProducedQuery.java:102)
	at cz.muni.fi.pa165.travelagency.persistence.dao.TripDaoImpl.findByDestination(TripDaoImpl.java:47)
	at cz.muni.fi.pa165.travelagency.persistance.dao.TripDaoImplTest.TestFindByDestination(TripDaoImplTest.java:127)
</error>
    <system-out><![CDATA[Trip{id=null, name=Podzim ve Francii, dateFrom=Fri Oct 20 18:19:53 CEST 2017, dateTo=Sat Oct 28 18:19:53 CEST 2017, destination=Francie, description=null, capacity=20, price=5000, excursions=[], reservations=[]}
Hibernate: 
    insert 
    into
        Trip
        (id, capacity, dateFrom, dateTo, description, destination, name, price) 
    values
        (null, ?, ?, ?, ?, ?, ?, ?)
]]></system-out>
    <system-err><![CDATA[3944 [main] INFO org.springframework.test.context.transaction.TransactionalTestExecutionListener - Began transaction (3) for test context [DefaultTestContext@3a082ff4 testClass = TripDaoImplTest, testInstance = cz.muni.fi.pa165.travelagency.persistance.dao.TripDaoImplTest@2f5b8250, testMethod = TestFindByDestination@TripDaoImplTest, testException = [null], mergedContextConfiguration = [MergedContextConfiguration@3f0d6038 testClass = TripDaoImplTest, locations = '{}', classes = '{class cz.muni.fi.pa165.travelagency.persistence.config.InMemorySpring}', contextInitializerClasses = '[]', activeProfiles = '{}', contextLoader = 'org.springframework.test.context.support.DelegatingSmartContextLoader', parent = [null]]]; transaction manager [org.springframework.orm.jpa.JpaTransactionManager@25e49cb2]; rollback [true]
3961 [main] INFO org.springframework.test.context.transaction.TransactionalTestExecutionListener - Rolled back transaction after test execution for test context [DefaultTestContext@3a082ff4 testClass = TripDaoImplTest, testInstance = cz.muni.fi.pa165.travelagency.persistance.dao.TripDaoImplTest@2f5b8250, testMethod = TestFindByDestination@TripDaoImplTest, testException = java.lang.IllegalArgumentException: Unknown parameter name : name, mergedContextConfiguration = [MergedContextConfiguration@3f0d6038 testClass = TripDaoImplTest, locations = '{}', classes = '{class cz.muni.fi.pa165.travelagency.persistence.config.InMemorySpring}', contextInitializerClasses = '[]', activeProfiles = '{}', contextLoader = 'org.springframework.test.context.support.DelegatingSmartContextLoader', parent = [null]]]
]]></system-err>
  </testcase>
  <testcase name="TestFindByExcursions" classname="cz.muni.fi.pa165.travelagency.persistance.dao.TripDaoImplTest" time="0.004"/>
  <testcase name="TestCreate" classname="cz.muni.fi.pa165.travelagency.persistance.dao.TripDaoImplTest" time="0.019"/>
  <testcase name="TestDelete" classname="cz.muni.fi.pa165.travelagency.persistance.dao.TripDaoImplTest" time="0.021"/>
  <testcase name="TestUpdate" classname="cz.muni.fi.pa165.travelagency.persistance.dao.TripDaoImplTest" time="0.012"/>
  <testcase name="TestFindByPrice" classname="cz.muni.fi.pa165.travelagency.persistance.dao.TripDaoImplTest" time="0.015">
    <error message="Unknown parameter name : :minPrice" type="java.lang.IllegalArgumentException">java.lang.IllegalArgumentException: Unknown parameter name : :minPrice
	at org.hibernate.query.internal.QueryParameterBindingsImpl.getBinding(QueryParameterBindingsImpl.java:191)
	at org.hibernate.query.internal.AbstractProducedQuery.setParameter(AbstractProducedQuery.java:480)
	at org.hibernate.query.internal.AbstractProducedQuery.setParameter(AbstractProducedQuery.java:102)
	at cz.muni.fi.pa165.travelagency.persistence.dao.TripDaoImpl.findByPrice(TripDaoImpl.java:56)
	at cz.muni.fi.pa165.travelagency.persistance.dao.TripDaoImplTest.TestFindByPrice(TripDaoImplTest.java:133)
</error>
    <system-out><![CDATA[Trip{id=null, name=Podzim ve Francii, dateFrom=Fri Oct 20 18:19:53 CEST 2017, dateTo=Sat Oct 28 18:19:53 CEST 2017, destination=Francie, description=null, capacity=20, price=5000, excursions=[], reservations=[]}
Hibernate: 
    insert 
    into
        Trip
        (id, capacity, dateFrom, dateTo, description, destination, name, price) 
    values
        (null, ?, ?, ?, ?, ?, ?, ?)
]]></system-out>
    <system-err><![CDATA[4024 [main] INFO org.springframework.test.context.transaction.TransactionalTestExecutionListener - Began transaction (8) for test context [DefaultTestContext@3a082ff4 testClass = TripDaoImplTest, testInstance = cz.muni.fi.pa165.travelagency.persistance.dao.TripDaoImplTest@173a6728, testMethod = TestFindByPrice@TripDaoImplTest, testException = [null], mergedContextConfiguration = [MergedContextConfiguration@3f0d6038 testClass = TripDaoImplTest, locations = '{}', classes = '{class cz.muni.fi.pa165.travelagency.persistence.config.InMemorySpring}', contextInitializerClasses = '[]', activeProfiles = '{}', contextLoader = 'org.springframework.test.context.support.DelegatingSmartContextLoader', parent = [null]]]; transaction manager [org.springframework.orm.jpa.JpaTransactionManager@25e49cb2]; rollback [true]
4037 [main] INFO org.springframework.test.context.transaction.TransactionalTestExecutionListener - Rolled back transaction after test execution for test context [DefaultTestContext@3a082ff4 testClass = TripDaoImplTest, testInstance = cz.muni.fi.pa165.travelagency.persistance.dao.TripDaoImplTest@173a6728, testMethod = TestFindByPrice@TripDaoImplTest, testException = java.lang.IllegalArgumentException: Unknown parameter name : :minPrice, mergedContextConfiguration = [MergedContextConfiguration@3f0d6038 testClass = TripDaoImplTest, locations = '{}', classes = '{class cz.muni.fi.pa165.travelagency.persistence.config.InMemorySpring}', contextInitializerClasses = '[]', activeProfiles = '{}', contextLoader = 'org.springframework.test.context.support.DelegatingSmartContextLoader', parent = [null]]]
]]></system-err>
  </testcase>
  <testcase name="TestFindById" classname="cz.muni.fi.pa165.travelagency.persistance.dao.TripDaoImplTest" time="0.012"/>
  <testcase name="TestFindAll" classname="cz.muni.fi.pa165.travelagency.persistance.dao.TripDaoImplTest" time="0.021"/>
  <testcase name="TestFindByCapacity" classname="cz.muni.fi.pa165.travelagency.persistance.dao.TripDaoImplTest" time="0.013">
    <failure message="expected:&lt;[Trip{id=13, name=Podzim ve Francii, dateFrom=Fri Oct 20 18:19:53 CEST 2017, dateTo=Sat Oct 28 18:19:53 CEST 2017, destination=Francie, description=null, capacity=20, price=5000, excursions=[], reservations=[]}]&gt; but was:&lt;Trip{id=13, name=Podzim ve Francii, dateFrom=Fri Oct 20 18:19:53 CEST 2017, dateTo=Sat Oct 28 18:19:53 CEST 2017, destination=Francie, description=null, capacity=20, price=5000, excursions=[], reservations=[]}&gt;" type="java.lang.AssertionError"><![CDATA[java.lang.AssertionError: expected:<[Trip{id=13, name=Podzim ve Francii, dateFrom=Fri Oct 20 18:19:53 CEST 2017, dateTo=Sat Oct 28 18:19:53 CEST 2017, destination=Francie, description=null, capacity=20, price=5000, excursions=[], reservations=[]}]> but was:<Trip{id=13, name=Podzim ve Francii, dateFrom=Fri Oct 20 18:19:53 CEST 2017, dateTo=Sat Oct 28 18:19:53 CEST 2017, destination=Francie, description=null, capacity=20, price=5000, excursions=[], reservations=[]}>
	at org.junit.Assert.fail(Assert.java:88)
	at org.junit.Assert.failNotEquals(Assert.java:834)
	at org.junit.Assert.assertEquals(Assert.java:118)
	at org.junit.Assert.assertEquals(Assert.java:144)
	at cz.muni.fi.pa165.travelagency.persistance.dao.TripDaoImplTest.TestFindByCapacity(TripDaoImplTest.java:139)
]]></failure>
    <system-out><![CDATA[Trip{id=null, name=Podzim ve Francii, dateFrom=Fri Oct 20 18:19:53 CEST 2017, dateTo=Sat Oct 28 18:19:53 CEST 2017, destination=Francie, description=null, capacity=20, price=5000, excursions=[], reservations=[]}
Hibernate: 
    insert 
    into
        Trip
        (id, capacity, dateFrom, dateTo, description, destination, name, price) 
    values
        (null, ?, ?, ?, ?, ?, ?, ?)
Hibernate: 
    select
        trip0_.id as id1_5_,
        trip0_.capacity as capacity2_5_,
        trip0_.dateFrom as dateFrom3_5_,
        trip0_.dateTo as dateTo4_5_,
        trip0_.description as descript5_5_,
        trip0_.destination as destinat6_5_,
        trip0_.name as name7_5_,
        trip0_.price as price8_5_ 
    from
        Trip trip0_ 
    where
        trip0_.capacity>=?
]]></system-out>
    <system-err><![CDATA[4074 [main] INFO org.springframework.test.context.transaction.TransactionalTestExecutionListener - Began transaction (11) for test context [DefaultTestContext@3a082ff4 testClass = TripDaoImplTest, testInstance = cz.muni.fi.pa165.travelagency.persistance.dao.TripDaoImplTest@1e9469b8, testMethod = TestFindByCapacity@TripDaoImplTest, testException = [null], mergedContextConfiguration = [MergedContextConfiguration@3f0d6038 testClass = TripDaoImplTest, locations = '{}', classes = '{class cz.muni.fi.pa165.travelagency.persistence.config.InMemorySpring}', contextInitializerClasses = '[]', activeProfiles = '{}', contextLoader = 'org.springframework.test.context.support.DelegatingSmartContextLoader', parent = [null]]]; transaction manager [org.springframework.orm.jpa.JpaTransactionManager@25e49cb2]; rollback [true]
4085 [main] INFO org.springframework.test.context.transaction.TransactionalTestExecutionListener - Rolled back transaction after test execution for test context [DefaultTestContext@3a082ff4 testClass = TripDaoImplTest, testInstance = cz.muni.fi.pa165.travelagency.persistance.dao.TripDaoImplTest@1e9469b8, testMethod = TestFindByCapacity@TripDaoImplTest, testException = java.lang.AssertionError: expected:<[Trip{id=13, name=Podzim ve Francii, dateFrom=Fri Oct 20 18:19:53 CEST 2017, dateTo=Sat Oct 28 18:19:53 CEST 2017, destination=Francie, description=null, capacity=20, price=5000, excursions=[], reservations=[]}]> but was:<Trip{id=13, name=Podzim ve Francii, dateFrom=Fri Oct 20 18:19:53 CEST 2017, dateTo=Sat Oct 28 18:19:53 CEST 2017, destination=Francie, description=null, capacity=20, price=5000, excursions=[], reservations=[]}>, mergedContextConfiguration = [MergedContextConfiguration@3f0d6038 testClass = TripDaoImplTest, locations = '{}', classes = '{class cz.muni.fi.pa165.travelagency.persistence.config.InMemorySpring}', contextInitializerClasses = '[]', activeProfiles = '{}', contextLoader = 'org.springframework.test.context.support.DelegatingSmartContextLoader', parent = [null]]]
]]></system-err>
  </testcase>
</testsuite>